<?xml version="1.0" encoding="UTF-8"?>
<!-- Generated by org.testng.reporters.JUnitReportReporter -->
<testsuite skipped="0" hostname="NAVEED" name="com.accenture.seleniumGrid.SeleniumGrid.SeleniumGridDemo" tests="1" failures="0" timestamp="2019-09-18T21:08:47 IST" time="15.801" errors="0">
  <testcase name="node1" time="15.801" classname="com.accenture.seleniumGrid.SeleniumGrid.SeleniumGridDemo"/>
</testsuite> <!-- com.accenture.seleniumGrid.SeleniumGrid.SeleniumGridDemo -->
